15024032
15024033
15024034
15024035
15024036
15024037
15025011
15025013
15025014
15025015
15025016
15025017
15032029  
15032030  
15032032  
15032033
15032035  
15032037  
15032038  
15032041  
15032043  
15032045  
15032047  
15032050  
15032051  
15032052  
15032053  
15032054  
15032055  
15032056  
15032058  
15032059  
15032060  
15032061  
15032062  
15032063  
15032064
15033001  
15033002  
15033003  
15033004  
15033005  
15033006  
15033007
15033033
15033035
15033040
15033064  
15033065  
15033066  
15033067  
15033068  
15033069  
15033070  
15033071  
15033072  
15033073  
15033074  
15033075  
15033076  
15033077  
15033078  
15033079  
15033080  
15033081  
15033082  
15033084  
15033085  
15033086  
15033087
15034124  
15034125  
15034126  
15034129  
15034130  
15034132  
15034133  
15034134  
15034135  
15034136  
15034137  
15034138  
15034139  
15034140
15035001  
15035002
15035003
15035083
15035085  
15035086  
15035087  
15035088
15035091  
15035092
15036001
15036003
15036055  
15036056  
15036057  
15036058  
15036059  
15036060
15036062
15036066  
15036067
15036069  
15036070  
15036071
15037002  
15037003  
15037004  
15037005  
15037006  
15037007
15037009  
15037010
15037012  
15037013  
15037014  
15037015  
15037016
15037018  
15037019
15037023  
15037024  
15037025  
15037026  
15037027  
15037028  
15037029
15037068  
15037069
15037072  
15037073
15037075  
15037076  
15037077
15038001  
15038002  
15038003  
15038004  
15038005
15038007  
15038008  
15038009  
15038010  
15038011  
15038012  
15038013
15038015  
15038016  
15038017
15038019  
15038020  
15038021
15038029  
15038030  
15038031
15038063  
15038064
15038066  
15038067
15038068  
15038069  
15038070  
15038071  
15038072
15038074  
15038075  
15038076  
15038077  
15038078  
15038079  
15038080
15039107  
15039108  
15039109  
15039110  
15039111  
15039112  
15039113  
15039114  
15039115  
15039116  
15039117
15039119  
15039120  
15039121  
15039122  
15039123  
15039124
15039161
15039167
15039170  
15039171  
15039172  
15039173  
15039174  
15039175  
15039176  
15039178  
15039179  
15039180  
15039181  
15039182  
15039183  
15039184  
15039185  
15039186  
15039188  
15039189  
15039190
15039192
15039195  
15039196
15039198  
15039199
15039202  
15039203
15039206
15040003
15040005  
15040006  
15040007  
15040008  
15040009  
15040010  
15040011
15040013  
15040014  
15040015  
15040016  
15040017  
15040018  
15040019  
15040020
15040022  
15040023
15040027  
15040028  
15040029  
15040030  
15040031  
15040032  
15040033
15040038  
15040039  
15040040
15040042  
15040043
15049075  
15049076
15049078
15050255  
15050256  
15050257
15050261  
15050263  
15050264
15051001  
15051002  
15051003
15051005  
15051006  
15051007  
15051008  
15051009  
15051010  
15051011  
15051012
15051014  
15051015  
15051016  
15051017  
15051018
15051027
15053044  
15053045  
15053046
15054038
15054041
15063047
15066065
15066072  
15066073  
15066074
15068029  
15068030
15069037
15069041
15070023
15070026
15070083
15070112  
15070113
15070115  
15070116
15074068
15074073
15074075
15074077
15074079  
15074080
15074083  
15074084  
15074085
15074087
15074089  
15074090
15074092  
15074093
15074095
15075007  
15075008  
15075009
15075055  
15075056  
15075057  
15075058  
15075059  
15075060  
15075061
15075065
15075073
15075079
15075092
15075095
15076031  
15076032
15076061  
15076062  
15076063  
15076064  
15076065
15076070
15076072  
15076073
15076099
15076101  
15076102
15076105
15076108  
15076109
15077001  
15077002  
15077003  
15077004
15077061  
15077062  
15077063
15077065  
15077066  
15077067
15077069
15077079  
15077080
15078043  
15078044  
15078045  
15078046
15078048  
15078049  
15078050
15078075
15078109  
15078110  
15078111  
15078112  
15078113
15079001  
15079002  
15079003
15079007  
15079008  
15079009  
15079010  
15079011
15079013  
15079014  
15079015  
15079016  
15079017  
15079018  
15079019  
15079020  
15079021  
15079022  
15079023  
15079024  
15079025  
15079026  
15079027
15079039  
15079040  
15079041  
15079042
15079046  
15079047  
15079048  
15079049  
15079050
15079052
15079057  
15079058
15079060  
15079061
15079063
15080002  
15080003  
15080004  
15080005  
15080006  
15080007  
15080008  
15080009  
15080010  
15080011  
15080012  
15080013  
15080014  
15080015  
15080016  
15080017
15080019
15080021
15080023  
15080024
15080029
15080032
15080035  
15080036  
15080037  
15080038  
15080039
15080042
15080044  
15080045
15080052  
15080053  
15080054  
15080055  
15080056  
15080057  
15080058  
15080059  
15080060  
15080061  
15080062  
15080063
15081001  
15081002  
15081003  
15081004  
15081005  
15081006  
15081007  
15081008  
15081009  
15081010  
15081011  
15081012  
15081013  
15081014  
15081015  
15081016  
15081017
15081020  
15081021  
15081022  
15081023  
15081024  
15081025  
15081026  
15081027  
15081028  
15081029
15081034
15081036  
15081037  
15081038
15081041  
15081042  
15081043  
15081044
15082004  
15082005  
15082006  
15082007  
15082008  
15082009  
15082010
15082013  
15082014
15082016  
15082017  
15082018
15082021  
15082022  
15082023  
15082024  
15082025
15082028
15082030  
15082031
15082050  
15082051  
15082052  
15082053
15082055  
15082056  
15082057  
15082058  
15082059  
15082060
15082064  
15082065  
15082066  
15082067
15082069
15082071
15082073  
15082074  
15082075
15083002  
15083003  
15083004  
15083005
15083007  
15083008  
15083009  
15083010
15083014  
15083015
15083017
15083019
15083021
15083026  
15083027  
15083028  
15083029  
15083030  
15083031
15084002  
15084003  
15084004  
15084005  
15084006  
15084007  
15084008  
15084009  
15084010  
15084011
15084022
15084024  
15084025  
15084026  
15084027  
15084028  
15084029  
15084030  
15084031  
15084032  
15084033  
15084034  
15084035  
15084036  
15084037  
15084038  
15084039  
15084040
15084052  
15084053
15084055
15084059  
15084060  
15084061
15084063  
15084064
15084066  
15084067  
15084068  
15084069  
15084070
15084090  
15084091  
15084092  
15084093
15085001  
15085002  
15085003  
15085004  
15085005  
15085006  
15085007  
15085008  
15085009  
15085010  
15085011  
15085012  
15085013  
15085014  
15085015  
15085016  
15085017  
15085018  
15085019  
15085020  
15085021  
15085022
15085030
15085115
15086001  
15086002  
15086003  
15086004  
15086005  
15086006  
15086007  
15086008  
15086009  
15086010  
15086011  
15086012  
15086013  
15086014  
15086015  
15086016  
15086017  
15086018
15086025  
15086026  
15086027
15086029  
15086030
15086034
15086051  
15086052  
15086053
15086058
15086060  
15086061  
15086062  
15086063  
15086064  
15086065  
15086066  
15086067  
15086068  
15086069
15086072  
15086073  
15086074  
15086075  
15086076  
15086077  
15086078  
15086079
15086081  
15086082
15087001  
15087002  
15087003  
15087004  
15087005  
15087006  
15087007  
15087008  
15087009  
15087010  
15087011  
15087012  
15087013  
15087014  
15087015  
15087016  
15087017  
15087018  
15087019  
15087020  
15087021  
15087022
15087033
15087036  
15087037  
15087038  
15087039  
15087040  
15087041  
15087042  
15087043
15087046  
15087047
15087050  
15087052
15087056  
15087057  
15087058  
15087059
15088002  
15088003  
15088004  
15088005  
15088006  
15088007  
15088008
15088013  
15088014  
15088015  
15088017  
15088019  
15088020
15088032
15088037  
15088038  
15088039
15088045
15088049  
15088050  
15088051  
15088052
15088054  
15088055
15088063  
15088064  
15088065  
15088066  
15088067  
15088068  
15088069
15089002  
15089004  
15089005  
15089006  
15089007  
15089008  
15089009  
15089010
15089018
15089028  
15089029  
15089030  
15089031
15089033  
15089034  
15089036  
15089037  
15089038  
15089039  
15089040  
15089041  
15089042  
15089043  
15089044  
15089045
15089055
15090008  
15090010
15090032
15090053  
15090054  
15090055  
15090056  
15090057  
15090058  
15090059  
15090060  
15090062  
15090063  
15090064  
15090065  
15090066  
15090067  
15090068
15091009  
15091010  
15091011
15091030  
15091031  
15091032  
15091033  
15091034  
15091035  
15091036  
15091037  
15091038  
15091039  
15091040  
15091041  
15091042  
15091043  
15091044  
15091045  
15091046
15092014  
15092015  
15092016  
15092017  
15092018
15092069  
15092070  
15092071  
15092072
15093009  
15093010  
15093011  
15093012  
15093013
15093015  
15093016  
15093017  
15093018
15093026
15093042  
15093043  
15093044  
15093045  
15093046  
15093047  
15093048  
15093049  
15093050  
15093051  
15093052  
15093053  
15093054
15094010  
15094011  
15094012  
15094013  
15094014  
15094015  
15094016  
15094017  
15094018  
15094019  
15094020
15094030
15094032  
15094033
15094036  
15094037
15094070  
15094071  
15094072  
15094073
15095001
15095015  
15095016  
15095017  
15095018  
15095019  
15095020  
15095021  
15095022  
15095023  
15095024  
15095025  
15095026  
15095027  
15095028
15095046  
15095047  
15095048  
15095049  
15095050  
15095051  
15095052
15096018  
15096019  
15096020  
15096021  
15096022  
15096023  
15096024  
15096025  
15096026  
15096027  
15096028  
15096029  
15096030  
15096031  
15096032
15096039  
15096040
15096042  
15096043  
15096044  
15096045  
15096046
15096048
15096050
15096059  
15096060
15097001  
15097002
15097004  
15097005  
15097006  
15097007  
15097008  
15097009  
15097010  
15097011  
15097012  
15097013
15097023  
15097024  
15097025  
15097026  
15097027  
15097028  
15097029  
15097030  
15097031  
15097032  
15097033  
15097034  
15097035  
15097036  
15097038  
15097039  
15097040  
15097041  
15097042  
15097043  
15097044  
15097045  
15097046  
15097047  
15097049  
15097050  
15097051  
15097053
15097054  
15097055  
15097056  
15097057  
15097058  
15097059  
15097060  
15097061  
15097062  
15097063  
15097064  
15097065  
15097066
15098001  
15098002  
15098003  
15098004  
15098005
15098020  
15098021  
15098022  
15098023  
15098024  
15098025  
15098026  
15098027  
15098028  
15098029
15098035  
15098036  
15098037  
15098038  
15098039
15098042
15098075  
15098076  
15098077
15099001
15099003
15099014  
15099015
15099099  
15099100  
15099101  
15099102  
15099103
15100001
15100026
15100029  
15100030  
15100031  
15100032  
15100033
15100035  
15100036  
15100037  
15100038  
15100039  
15100040
15100084  
15100085  
15100086  
15100087  
15100089  
15100090
15100093  
15100094  
15100095  
15100096  
15100097
15100099  
15100100  
15100101  
15100102  
15100103
15101009  
15101010  
15101011  
15101012  
15101013  
15101014  
15101015  
15101016  
15101017  
15101018  
15101019  
15101020  
15101021  
15101022  
15101023
15101051
15102001  
15102002
15102014  
15102015  
15102016  
15102017  
15102018  
15102019  
15102020  
15102021  
15102022  
15102023  
15102024
15102026
15102041  
15102042  
15102043  
15102044
15102046  
15102047  
15102048  
15102049  
15102050  
15102051  
15102052  
15102053
15102055  
15102056  
15102057  
15102058  
15102059  
15102060
15103002
15103005  
15103006  
15103007
15103019  
15103020  
15103021  
15103022  
15103023  
15103024  
15103025  
15103026  
15103027  
15103028  
15103029  
15103030  
15103031
15103055  
15103056  
15103057  
15103058  
15103059  
15103060  
15103061  
15103062  
15103063
15104012  
15104013  
15104014  
15104015  
15104016  
15104017  
15104018  
15104019  
15104020  
15104021  
15104022  
15104023  
15104024
15104060
15104062  
15104063  
15104064  
15104065  
15104066  
15104067  
15104068  
15104069  
15104070
15105001  
15105002  
15105003  
15105004  
15105005  
15105006  
15105007  
15105008
15105019  
15105020  
15105021  
15105022  
15105023  
15105024  
15105025  
15105026  
15105027  
15105028  
15105029  
15105030  
15105031  
15105032  
15105033
15105063  
15105064  
15105065  
15105066  
15105067  
15105068  
15105069  
15105070  
15105071  
15105072  
15105073
15106001  
15106002  
15106003
15106005  
15106006  
15106007  
15106008  
15106009  
15106010  
15106011
15106116  
15106117
15106125  
15106126  
15106127  
15106128
15107005  
15107006  
15107007  
15107008  
15107009  
15107010  
15107011  
15107012  
15107013  
15107014  
15107015
15107035
15107082  
15107083  
15107084  
15107085  
15107086  
15107087  
15107088  
15107089  
15107090
15108001
15108011  
15108012  
15108013  
15108014  
15108015  
15108016  
15108017  
15108018  
15108019
15108022  
15108023  
15108024  
15108025
15108027  
15108028
15108037
15108078  
15108079  
15108080
15109001  
15109002  
15109003
15109006  
15109007  
15109008  
15109009  
15109010  
15109011  
15109012  
15109013  
15109014
15109016  
15109017
15109031  
15109032  
15109033  
15109034  
15109035  
15109036  
15109037  
15109038  
15109039  
15109040  
15109041  
15109042  
15109043  
15109044  
15109045  
15109046
15109061  
15109062  
15109063  
15109064  
15109065
15110001  
15110002  
15110003  
15110004  
15110005  
15110006  
15110007  
15110008  
15110009  
15110010  
15110011  
15110012  
15110013
15110026  
15110027  
15110028  
15110029  
15110030  
15110031  
15110032  
15110033  
15110034  
15110035
15110050  
15110051  
15110052  
15110053
15111067  
15111068
15112001
15112003  
15112004  
15112005  
15112006  
15112007
15112023  
15112024  
15112025  
15112026  
15112027  
15112028  
15112029  
15112030  
15112031
15112046  
15112047  
15112048  
15112049  
15112050  
15112051  
15112052
15113001
15114004  
15114005  
15114006  
15114007  
15114008  
15114009
15114046  
15114047  
15114048  
15114049  
15114050  
15114051  
15114052  
15114053  
15114054  
15114055  
15114056  
15114057  
15114058
15115027  
15115028  
15115029  
15115030
15115032  
15115033  
15115034  
15115035  
15115036  
15115037  
15115038
15115048
15115054  
15115055
15115079  
15115080  
15115081  
15115082  
15115083  
15115084  
15115085  
15115086  
15115087  
15115088
15116032  
15116033  
15116034  
15116035  
15116036  
15116037  
15116038  
15116039  
15116040  
15116041  
15116042
15116059  
15116060  
15116061  
15116062
15116068
15117001
15117003  
15117004  
15117005
15117026  
15117027  
15117028
15117031  
15117032
15117058  
15117059  
15117060  
15117061  
15117062  
15117063  
15117064  
15117065  
15117066  
15117067  
15117068  
15117069  
15117070  
15117071
15118015  
15118016  
15118017  
15118018  
15118019  
15118020  
15118021  
15118022  
15118023  
15118024
15118061  
15118062  
15118063  
15118064  
15118065  
15118066
15119001
15119008  
15119009  
15119010  
15119011  
15119012  
15119013  
15119014  
15119015
15119025  
15119026  
15119027  
15119028  
15119029  
15119030  
15119031  
15119032  
15119033  
15119034  
15119035  
15119036
15119057  
15119058  
15119059  
15119060
15119062  
15119063  
15119064  
15119065
15120001  
15120002  
15120003  
15120004  
15120005  
15120006  
15120007  
15120008  
15120009  
15120010  
15120011
15120068
15120081
15120083
15120117
15121001  
15121002  
15121003  
15121004  
15121005  
15121006  
15121007  
15121008  
15121009  
15121010  
15121011  
15121012  
15121013  
15121014  
15121015  
15121016  
15121017  
15121018  
15121019
15121062  
15121063  
15121064  
15121065  
15121066  
15121067  
15121068  
15121069  
15121070  
15121071
15121072
15121075  
15121076  
15121077  
15121078
15122001  
15122002  
15122003  
15122004  
15122005  
15122006  
15122007  
15122008  
15122009  
15122010  
15122011
15122027  
15122028
15122030  
15122031  
15122032  
15122033  
15122034  
15122035  
15122036  
15122037
15122039
15122041  
15122042  
15122043  
15122044  
15122045
15122049
15122062  
15122063  
15122064  
15122065
15123001  
15123002  
15123003  
15123004  
15123005  
15123006  
15123007  
15123008  
15123009  
15123010  
15123011
15123019  
15123020  
15123021  
15123022  
15123023  
15123024  
15123025  
15123026  
15123027  
15123028
15123033
15123035  
15123036  
15123037
15123050  
15123051  
15123052  
15123053  
15123054
15124001  
15124002  
15124003  
15124004  
15124005  
15124006  
15124007  
15124008  
15124009  
15124010
15124028  
15124029
15124031  
15124032  
15124033  
15124034  
15124035  
15124036  
15124037  
15124038  
15124039  
15124040  
15124041  
15124042  
15124043  
15124044
15124056  
15124057  
15124058  
15124059  
15124060  
15124061  
15124062  
15124063
15125001  
15125002  
15125003  
15125004
15125006  
15125007
15125011  
15125012  
15125013  
15125014
15125016  
15125017  
15125018  
15125019  
15125020  
15125021  
15125022  
15125023  
15125024  
15125025  
15125027  
15125028
15125031  
15125032
15125035  
15125036  
15125037  
15125038  
15125039  
15125040  
15125041  
15125042  
15125043  
15125044
15125046  
15125047
15125066  
15125067
15126009  
15126010  
15126011  
15126012  
15126013  
15126014  
15126015  
15126016  
15126017  
15126018  
15126019  
15126020
15126022  
15126023
15126042  
15126043  
15126044  
15126045  
15126046  
15126047  
15126048  
15126049  
15126050  
15126051  
15126052  
15126053  
15126054
15127004  
15127005  
15127006  
15127007  
15127008  
15127009  
15127010  
15127011  
15127012  
15127013
15128001  
15128002  
15128003  
15128004  
15128005  
15128006  
15128007  
15128008
15128011  
15128012  
15128013
15128022  
15128023  
15128024  
15128025  
15128026  
15128027  
15128028  
15128029  
15128030  
15128031  
15128032  
15128033
15128041
15128043  
15128044
15128046
15129002  
15129003  
15129004  
15129005  
15129006  
15129007  
15129008  
15129009  
15129010  
15129011  
15129012  
15129013  
15129014  
15129015  
15129016  
15129017
15129018
15129022
15129050  
15129051  
15129052
15130001  
15130002  
15130003  
15130004  
15130005  
15130006  
15130007  
15130008  
15130009  
15130010  
15130011
15130024
15130029
15130037  
15130038
15130040  
15130041  
15130042  
15130043  
15130044  
15130045  
15130046  
15130047  
15130048
15131004  
15131005  
15131006  
15131007  
15131008  
15131009  
15131010  
15131011  
15131012  
15131013  
15131014
15131023
15131026
15131040  
15131041  
15131042  
15131043  
15131044  
15131045  
15131046  
15131047  
15131048  
15131049  
15131050  
15131051  
15131052  
15131053
15132007  
15132008  
15132009  
15132010  
15132011  
15132012  
15132013  
15132014  
15132015  
15132016  
15132017  
15132018  
15132019
15132026
15132028  
15132029  
15132030  
15132031  
15132032  
15132033  
15132034  
15132035  
15132036  
15132037  
15132038
15133008  
15133009  
15133010  
15133011  
15133012  
15133013  
15133014  
15133015
15133018  
15133019  
15133020  
15133021
15133036  
15133037  
15133038  
15133039  
15133040  
15133041  
15133042  
15133043  
15133044  
15133045
15133056
15134001  
15134002  
15134003  
15134004  
15134005  
15134006  
15134007  
15134008  
15134009
15134057  
15134058  
15134059  
15134060  
15134061  
15134062  
15134063  
15134064  
15134065
15135001  
15135002
15135010  
15135011  
15135012  
15135013  
15135014  
15135015  
15135016
15135055  
15135056
15135058
15136003  
15136004  
15136005  
15136006  
15136007  
15136008  
15136009  
15136010  
15136011  
15136012  
15136013  
15136014  
15136015  
15136016  
15136017
15136038  
15136039  
15136040  
15136041  
15136042
15137011  
15137012  
15137013  
15137014  
15137015
15137032  
15137033  
15137034  
15137035  
15137036  
15137037  
15137038  
15137039  
15137040
15137044  
15137045  
15137046  
15137047
15138001  
15138002  
15138003  
15138004
15138007  
15138008  
15138009
15138045  
15138046  
15138047
15138049  
15138050  
15138051  
15138052
15138054
15138062  
15138063  
15138064  
15138065  
15138066  
15138067  
15138068  
15138069  
15138070  
15138071  
15138072  
15138073  
15138074  
15138075
15139004  
15139005
15139016  
15139017  
15139018  
15139019  
15139020  
15139021  
15139022  
15139023  
15139024  
15139025  
15139026
15139044  
15139045  
15139046  
15139047  
15139048  
15139049  
15139050  
15139051  
15139052
15140001  
15140002  
15140003  
15140004  
15140005  
15140006  
15140007
15140018  
15140019  
15140020  
15140021  
15140022  
15140023  
15140024  
15140025
15140027  
15140028  
15140029  
15140030  
15140031  
15140032  
15140033  
15140034  
15140035  
15140036  
15140037
15140050  
15140051  
15140052  
15140053  
15140054  
15140055
15141001  
15141002  
15141003  
15141004  
15141005  
15141006  
15141007  
15141008  
15141009  
15141010  
15141011  
15141012  
15141013
15142007  
15142008  
15142009  
15142010  
15142011  
15142012  
15142013  
15142014  
15142015  
15142016  
15142017  
15142018
15142021  
15142022  
15142023  
15142024  
15142025
15143001
15143032  
15143033  
15143034  
15143035  
15143036  
15143037  
15143038  
15143039  
15143040  
15143041
15144004  
15144005  
15144006  
15144007  
15144008  
15144009  
15144010  
15144011  
15144012  
15144013  
15144014  
15144015
15144017  
15144018
15144039  
15144040
15144043  
15144044
15144046  
15144047
15144049
15144052
15144054  
15144055  
15144056
15144058
15144060
15144070
15145009  
15145010  
15145011  
15145012  
15145013  
15145014  
15145015  
15145016  
15145017  
15145018  
15145019  
15145020  
15145021  
15145022  
15145023  
15145024
15145037  
15145038  
15145039
15146001  
15146002  
15146003  
15146004  
15146005  
15146006  
15146007  
15146008  
15146009  
15146010
15146013
15146017
15146020
15146023
15146025  
15146026
15146049  
15146050  
15146051  
15146052  
15146054  
15146055  
15146056  
15146057  
15146058  
15146059  
15146060  
15146061  
15146062
15147001  
15147002  
15147003  
15147004  
15147005  
15147006  
15147007  
15147008  
15147009  
15147010  
15147011  
15147012  
15147013  
15147014  
15147015
15147027  
15147028  
15147029  
15147030  
15147031  
15147032  
15147033
15147041  
15147042
15148003  
15148004  
15148005  
15148006  
15148007  
15148008  
15148009  
15148010  
15148011
15148057
15149012  
15149013  
15149014  
15149015  
15149016  
15149017
15149069  
15149070  
15149071  
15149072  
15149073  
15149074  
15149075  
15149076
15150001  
15150002  
15150003  
15150004  
15150005
15150014  
15150015
15150019
15150021  
15150022  
15150023  
15150024  
15150025  
15150026  
15150027
15150029  
15150030  
15150031
15150039  
15150040  
15150041  
15150042  
15150043  
15150044  
15150045
15150047  
15150048  
15150049  
15150050  
15150051
15150054  
15150055  
15150056
15150058  
15150059  
15150060  
15150061  
15150062  
15150063  
15150064
15151006  
15151007  
15151008  
15151009  
15151010  
15151011  
15151012  
15151013  
15151014  
15151015  
15151016  
15151017  
15151018  
15151019  
15151020  
15151021  
15151022  
15151023  
15151024
15151037  
15151038  
15151039  
15151040  
15151041  
15151042  
15151043  
15151044  
15151045  
15151046  
15151047  
15151048  
15151049  
15151050  
15151051  
15151052  
15151053  
15151054  
15151055  
15151056
15152003  
15152004  
15152005  
15152006  
15152007  
15152008  
15152009  
15152010  
15152011  
15152012  
15152013  
15152014  
15152015  
15152016  
15152017  
15152018  
15152020
15152037  
15152038  
15152039  
15152040  
15152041  
15152042  
15152043  
15152044  
15152045  
15152046  
15152047  
15152048  
15152049  
15152050  
15152051  
15152052  
15152053  
15152054
15153003  
15153004  
15153005  
15153006  
15153007  
15153008  
15153009  
15153010  
15153011  
15153012  
15153013  
15153014  
15153015  
15153016  
15153017  
15153018  
15153019  
15153020
15153022
15153031
15153035  
15153036  
15153037  
15153038  
15153039  
15153040  
15153041  
15153042  
15153043  
15153044  
15153045  
15153046  
15153047  
15153048  
15153049  
15153050  
15153051  
15153052  
15153053  
15153054  
15153055  
15153056  
15153057  
15153058
15154001  
15154002  
15154003
15154007  
15154008  
15154009  
15154010  
15154011  
15154012  
15154013  
15154014  
15154015  
15154016  
15154017  
15154018  
15154019
15154021  
15154022  
15154023  
15154024
15154036  
15154037  
15154038  
15154039  
15154040  
15154041  
15154042
15154044  
15154045  
15154046  
15154047
15154049  
15154050  
15154051
15155001  
15155002
15155004  
15155005  
15155006  
15155007  
15155008  
15155009  
15155010
15155039  
15155040
15156001  
15156002  
15156003  
15156004
15156007  
15156008  
15156009  
15156010  
15156011  
15156012  
15156013  
15156014  
15156015  
15156016  
15156017
15156019  
15156020  
15156021  
15156022  
15156023  
15156024
15156033  
15156034
15156039  
15156040  
15156041  
15156042  
15156043  
15156044  
15156045
15157002
15157004  
15157005  
15157006  
15157007  
15157008  
15157009  
15157010  
15157011  
15157012  
15157013  
15157014  
15157015  
15157016  
15157017  
15157018  
15157019  
15157020  
15157021  
15157022  
15157023  
15157024  
15157025
15157028  
15157029
15157034  
15157035  
15157036
15157039  
15157040
15157045  
15157046  
15157047  
15157048  
15157049  
15157050  
15157051  
15157052  
15157053  
15157054  
15157055  
15157056  
15157057  
15157058  
15157059  
15157060  
15157061
15158001
15158024  
15158025  
15158026  
15158027  
15158028  
15158029  
15158030  
15158031  
15158032  
15158033  
15158034  
15158035  
15158036  
15158037  
15158038  
15158039  
15158040  
15158041  
15158042  
15158043  
15158044  
15158045  
15158046  
15158047  
15158048  
15158049
15158057  
15158058  
15158059  
15158060  
15158061  
15158062  
15158063  
15158064  
15158065  
15158066  
15158067  
15158068  
15158070
15159001  
15159002  
15159003  
15159004  
15159005  
15159006  
15159007  
15159008  
15159009
15159016  
15159017  
15159018  
15159019
15159021  
15159022  
15159023  
15159024  
15159025  
15159026  
15159027  
15159028  
15159029  
15159030  
15159031  
15159032  
15159033  
15159034  
15159035  
15159036
15159038  
15159039  
15159040  
15159041  
15159042  
15159043  
15159044  
15159045  
15159046  
15159047  
15159048  
15159049  
15159050  
15159051  
15159052  
15159053  
15159054  
15159055
15160001  
15160002  
15160003  
15160004  
15160005  
15160006  
15160007
15160018
15160024  
15160025  
15160026  
15160027  
15160028  
15160029  
15160030  
15160031  
15160032  
15160033  
15160034  
15160035  
15160036  
15160037  
15160038  
15160039  
15160040  
15160041  
15160042  
15160043  
15160044  
15160045  
15160046  
15160047  
15160048
15160050
15161001  
15161002  
15161003  
15161004  
15161005  
15161006  
15161007  
15161008  
15161009  
15161010  
15161011  
15161012  
15161013  
15161014  
15161015  
15161016  
15161017  
15161018  
15161019  
15161020  
15161021  
15161022
15161033
15161036  
15161037
15161043
15161048  
15161049  
15161050  
15161051  
15161052
15161056
15161059  
15161060  
15161061  
15161062  
15161063  
15161064  
15161065  
15161066  
15161067  
15161068  
15161069  
15161070  
15161071  
15161072
15162001
15162004  
15162005  
15162006
15162010  
15162011  
15162012  
15162013  
15162014  
15162015  
15162016  
15162017  
15162018  
15162019  
15162020  
15162021  
15162022  
15162023  
15162024  
15162025  
15162026  
15162027  
15162028  
15162029  
15162030  
15162031  
15162032
15162041  
15162042  
15162043  
15162044  
15162045  
15162046  
15162047  
15162048  
15162049  
15162050  
15162051  
15162052  
15162053  
15162054  
15162055
15163001  
15163002  
15163003  
15163004  
15163005  
15163006  
15163007  
15163008  
15163009  
15163010
15163017  
15163018  
15163019  
15163020  
15163021  
15163022  
15163023  
15163024  
15163025  
15163026  
15163027  
15163028  
15163029  
15163030
15163032  
15163033  
15163034  
15163035  
15163036  
15163037  
15163038  
15163039  
15163040  
15163041  
15163042  
15163043
15163048  
15163049  
15163050  
15163051  
15163052  
15163053  
15163054  
15163055  
15163056  
15163057  
15163058  
15163059  
15163060  
15163061  
15163062
15164001  
15164002  
15164003  
15164004  
15164005  
15164006  
15164007  
15164008  
15164009
15164019
15164023  
15164024
15164028  
15164029  
15164030
15164032  
15164033  
15164034  
15164035  
15164036  
15164037  
15164038  
15164039  
15164040  
15164041  
15164042  
15164043  
15164044  
15164045  
15164046  
15164047  
15164048  
15164049
15164056
15164067  
15164068  
15164069  
15164070  
15164071
15165001  
15165002  
15165003  
15165004  
15165005  
15165006
15165026  
15165027  
15165028  
15165029  
15165030  
15165031  
15165032  
15165033  
15165034  
15165035  
15165036  
15165037  
15165038  
15165039  
15165040  
15165041  
15165042  
15165043  
15165044  
15165045  
15165046  
15165047
15165056  
15165057  
15165058  
15165059
15166001  
15166002  
15166003  
15166004  
15166005  
15166006  
15166007  
15166008  
15166009  
15166010  
15166011  
15166012
15166014  
15166015  
15166016  
15166017
15166029  
15166030  
15166031  
15166032  
15166033  
15166034  
15166035  
15166036  
15166037  
15166038  
15166039  
15166040  
15166041  
15166042  
15166043  
15166044  
15166045  
15166046  
15166047
15166052  
15166053  
15166054  
15166055  
15166056  
15166057
15167008  
15167009  
15167010  
15167011  
15167012  
15167013  
15167014
15167028  
15167029
15167032  
15167033  
15167034  
15167035  
15167036
15167038  
15167039  
15167040  
15167041  
15167042  
15167043
15167045  
15167046  
15167047  
15167048  
15167049  
15167050
15172066
15172078
15172097
15172106  
15172107  
15172108  
15172109  
15172110
15172113  
15172114  
15172115  
15172116  
15172117  
15172118  
15172119  
15172120  
15172121  
15172122  
15172123
15174075  
15174076  
15174077  
15174078  
15174079
15174081  
15174082  
15174083  
15174084  
15174085
15176032  
15176033  
15176034  
15176035  
15176036  
15176037  
15176038  
15176039  
15176040  
15176041  
15176042
15176049  
15176050  
15176051
15177001  
15177002  
15177003  
15177004  
15177005  
15177006  
15177007  
15177008  
15177009  
15177010  
15177011  
15177012  
15177013
15178003  
15178004  
15178005  
15178006  
15178007  
15178008  
15178009  
15178010  
15178011  
15178012  
15178013  
15178014  
15178015  
15178016  
15178017  
15178018  
15178019  
15178020  
15178021  
15178022  
15178023  
15178024  
15178025  
15178026  
15178027
15178038
15178053
15178055  
15178056
15178059
15179001  
15179002  
15179003  
15179004  
15179005  
15179006  
15179007  
15179008  
15179009  
15179010  
15179011  
15179012  
15179013  
15179014  
15179015
15179025  
15179026  
15179027  
15179028  
15179029  
15179030  
15179031  
15179032  
15179033  
15179034  
15179035  
15179036  
15179037  
15179038  
15179039  
15179040  
15179041
15179051  
15179052  
15179053
15180001  
15180002  
15180003  
15180004  
15180005  
15180006  
15180007
15180014  
15180015  
15180016  
15180017  
15180018
15180022  
15180023  
15180024  
15180025  
15180026  
15180027  
15180028  
15180029  
15180030  
15180031  
15180032  
15180033  
15180034
15180041  
15180042  
15180043  
15180044  
15180045  
15180046  
15180047  
15180048  
15180049  
15180050  
15180051
15181001  
15181002  
15181003  
15181004  
15181005  
15181006
15181041  
15181042  
15181043  
15181044
15182001  
15182002  
15182003  
15182004  
15182005  
15182006  
15182007  
15182008  
15182009  
15182010  
15182011  
15182012  
15182013  
15182014  
15182015  
15182016
15182019
15182021  
15182022  
15182023  
15182024  
15182025
15182029  
15182030
15182063  
15182064  
15182065  
15182066  
15182067  
15182068  
15182069  
15182070  
15182071
15183001  
15183002  
15183003  
15183004  
15183005  
15183006  
15183007  
15183008  
15183009  
15183010
15183040  
15183041  
15183042  
15183043  
15183044  
15183045  
15183046  
15183047  
15183048  
15183049  
15183050  
15183051  
15183052  
15183053  
15183054  
15183055  
15183056  
15183057  
15183058
15183060  
15183061  
15183062
15184013  
15184014  
15184015  
15184016  
15184017  
15184018  
15184019
15184028  
15184029  
15184030  
15184031
15184033  
15184034  
15184035  
15184036  
15184037  
15184038  
15184039  
15184040
15185006  
15185007  
15185008  
15185009  
15185010  
15185011  
15185012  
15185013  
15185014  
15185015  
15185016  
15185017  
15185018
15185029  
15185030  
15185031  
15185032  
15185033  
15185034  
15185035  
15185036  
15185037  
15185038  
15185039  
15185040  
15185041  
15185042
15186003  
15186004  
15186005
15187001
15187004  
15187005  
15187006
15187011  
15187012  
15187013  
15187014
15187016  
15187017  
15187018  
15187019
15187021  
15187022  
15187023
15187025  
15187026  
15187027  
15187028  
15187029  
15187030  
15187031  
15187032
15187034  
15187035  
15187036  
15187037  
15187038  
15187039  
15187040
15187042  
15187043
15188001  
15188002
15188005  
15188006  
15188007  
15188008
15188010  
15188011  
15188012  
15188013
15188016  
15188017  
15188018
15188020  
15188021  
15188022
15188024
15188038  
15188039  
15188040  
15188041  
15188042  
15188043  
15188044  
15188045
15188049  
15188050  
15188051
15188054  
15188055  
15188056  
15188057  
15188058  
15188059
15189001  
15189002  
15189003  
15189004  
15189005  
15189006  
15189007  
15189008  
15189009  
15189010  
15189011  
15189012  
15189013  
15189014  
15189015  
15189016  
15189017  
15189018  
15189019  
15189020  
15189021  
15189022  
15189023  
15189024
15190001  
15190002  
15190003  
15190004  
15190005  
15190006  
15190007  
15190008  
15190009
